-------------------------------------------------------------------------------
Test set: TestSuite
-------------------------------------------------------------------------------
Tests run: 2, Failures: 1, Errors: 0, Skipped: 0, Time elapsed: 111.063 s <<< FAILURE! - in TestSuite
GOOGLE4(Register.secondTest)  Time elapsed: 78.301 s  <<< FAILURE!
java.lang.AssertionError: expected [true] but found [false]
	at Register.secondTest.GOOGLE4(secondTest.java:50)

